[debug] [2020-05-07T17:23:45.782Z] ----------------------------------------------------------------------
[debug] [2020-05-07T17:23:45.784Z] Command:       C:\Program Files\nodejs\node.exe C:\Users\AISHA\AppData\Roaming\npm\node_modules\firebase-tools\lib\bin\firebase.js init
[debug] [2020-05-07T17:23:45.784Z] CLI Version:   8.1.0
[debug] [2020-05-07T17:23:45.784Z] Platform:      win32
[debug] [2020-05-07T17:23:45.784Z] Node Version:  v12.16.2
[debug] [2020-05-07T17:23:45.785Z] Time:          Thu May 07 2020 22:23:45 GMT+0500 (Pakistan Standard Time)
[debug] [2020-05-07T17:23:45.785Z] ----------------------------------------------------------------------
[debug] [2020-05-07T17:23:45.785Z] 
[debug] [2020-05-07T17:23:45.791Z] > command requires scopes: ["email","openid","https://www.googleapis.com/auth/cloudplatformprojects.readonly","https://www.googleapis.com/auth/firebase","https://www.googleapis.com/auth/cloud-platform"]
[debug] [2020-05-07T17:23:45.792Z] > authorizing via signed-in user
[info] 
     ######## #### ########  ######## ########     ###     ######  ########
     ##        ##  ##     ## ##       ##     ##  ##   ##  ##       ##
     ######    ##  ########  ######   ########  #########  ######  ######
     ##        ##  ##    ##  ##       ##     ## ##     ##       ## ##
     ##       #### ##     ## ######## ########  ##     ##  ######  ########

You're about to initialize a Firebase project in this directory:

  C:\Users\AISHA\Desktop\haiqa folder\assin

[info] 
=== Project Setup
[info] 
[info] First, let's associate this project directory with a Firebase project.
[info] You can create multiple project aliases by running firebase use --add, 
[info] but for now we'll just set up a default project.
[info] 
[debug] [2020-05-07T17:24:02.629Z] >>> HTTP REQUEST GET https://firebase.googleapis.com/v1beta1/projects?pageSize=100  
 
[debug] [2020-05-07T17:24:03.594Z] <<< HTTP RESPONSE 200 {"content-type":"application/json; charset=UTF-8","vary":"X-Origin, Referer, Origin,Accept-Encoding","date":"Thu, 07 May 2020 17:24:04 GMT","server":"ESF","cache-control":"private","x-xss-protection":"0","x-frame-options":"SAMEORIGIN","x-content-type-options":"nosniff","alt-svc":"h3-27=\":443\"; ma=2592000,h3-25=\":443\"; ma=2592000,h3-Q050=\":443\"; ma=2592000,h3-Q049=\":443\"; ma=2592000,h3-Q048=\":443\"; ma=2592000,h3-Q046=\":443\"; ma=2592000,h3-Q043=\":443\"; ma=2592000,quic=\":443\"; ma=2592000; v=\"46,43\"","accept-ranges":"none","transfer-encoding":"chunked"}
